--
-- PostgreSQL database cluster dump
--

SET default_transaction_read_only = off;

SET client_encoding = 'UTF8';
SET standard_conforming_strings = on;

--
-- Roles
--

CREATE ROLE admin;
ALTER ROLE admin WITH NOSUPERUSER INHERIT NOCREATEROLE CREATEDB LOGIN NOREPLICATION PASSWORD 'md5f6fdffe48c908deb0f4c3bd36c032e72';
CREATE ROLE pgadmin;
ALTER ROLE pgadmin WITH NOSUPERUSER INHERIT NOCREATEROLE NOCREATEDB LOGIN NOREPLICATION;
CREATE ROLE postgres;
ALTER ROLE postgres WITH SUPERUSER INHERIT CREATEROLE CREATEDB LOGIN REPLICATION PASSWORD 'md5244af1e2823d5eaeeffc42c5096d8260';
CREATE ROLE xgb_nir;
ALTER ROLE xgb_nir WITH SUPERUSER INHERIT NOCREATEROLE NOCREATEDB LOGIN NOREPLICATION PASSWORD 'md5d78713ba761fab9a24612ad17726b865';




--
-- PostgreSQL database cluster dump complete
--

